# JRE version: OpenJDK Runtime Environment Temurin-21.0.10+7 (21.0.10+7) (build 21.0.10+7-LTS)
# Java VM: OpenJDK 64-Bit Server VM Temurin-21.0.10+7 (21.0.10+7-LTS, mixed mode, sharing, tiered, compressed oops, compressed class ptrs, parallel gc, windows-amd64)
GC Precious Log:
 CardTable entry size: 512
 CPUs: 12 total, 12 available
 Memory: 7518M
 Large Page Support: Disabled
 NUMA Support: Disabled
 Compressed Oops: Enabled (32-bit)
 Alignments: Space 512K, Generation 512K, Heap 2M
 Heap Min Capacity: 100M
 Heap Initial Capacity: 100M
 Heap Max Capacity: 2G
 Pre-touch: Disabled
 Parallel Workers: 10
Heap:
 PSYoungGen      total 5632K, used 3364K [0x00000000d5580000, 0x00000000d5d80000, 0x0000000100000000)
  eden space 3072K, 32% used [0x00000000d5580000,0x00000000d5677068,0x00000000d5880000)
  from space 2560K, 92% used [0x00000000d5b00000,0x00000000d5d52000,0x00000000d5d80000)
  to   space 2560K, 0% used [0x00000000d5880000,0x00000000d5880000,0x00000000d5b00000)
 ParOldGen       total 1298432K, used 1298135K [0x0000000080000000, 0x00000000cf400000, 0x00000000d5580000)
  object space 1298432K, 99% used [0x0000000080000000,0x00000000cf3b5fc0,0x00000000cf400000)
 Metaspace       used 87698K, committed 89408K, reserved 1179648K
  class space    used 8658K, committed 9408K, reserved 1048576K
GC Heap History (20 events):
Event: 2679.838 GC heap before
{Heap before GC invocations=3334 (full 5):
 PSYoungGen      total 2560K, used 2527K [0x00000000d5580000, 0x00000000d5a80000, 0x0000000100000000)
  eden space 2048K, 99% used [0x00000000d5580000,0x00000000d577fd58,0x00000000d5780000)
  from space 512K, 93% used [0x00000000d5900000,0x00000000d5978020,0x00000000d5980000)
  to   space 1536K, 0% used [0x00000000d5780000,0x00000000d5780000,0x00000000d5900000)
 ParOldGen       total 1289728K, used 1289289K [0x0000000080000000, 0x00000000ceb80000, 0x00000000d5580000)
  object space 1289728K, 99% used [0x0000000080000000,0x00000000ceb12588,0x00000000ceb80000)
 Metaspace       used 87696K, committed 89408K, reserved 1179648K
  class space    used 8658K, committed 9408K, reserved 1048576K
}
Event: 2679.841 GC heap after
{Heap after GC invocations=3334 (full 5):
 PSYoungGen      total 3584K, used 400K [0x00000000d5580000, 0x00000000d5a00000, 0x0000000100000000)
  eden space 2048K, 0% used [0x00000000d5580000,0x00000000d5580000,0x00000000d5780000)
  from space 1536K, 26% used [0x00000000d5780000,0x00000000d57e4010,0x00000000d5900000)
  to   space 1024K, 0% used [0x00000000d5900000,0x00000000d5900000,0x00000000d5a00000)
 ParOldGen       total 1290240K, used 1289784K [0x0000000080000000, 0x00000000cec00000, 0x00000000d5580000)
  object space 1290240K, 99% used [0x0000000080000000,0x00000000ceb8e080,0x00000000cec00000)
 Metaspace       used 87696K, committed 89408K, reserved 1179648K
  class space    used 8658K, committed 9408K, reserved 1048576K
}
Event: 2679.847 GC heap before
{Heap before GC invocations=3335 (full 5):
 PSYoungGen      total 3584K, used 2447K [0x00000000d5580000, 0x00000000d5a00000, 0x0000000100000000)
  eden space 2048K, 99% used [0x00000000d5580000,0x00000000d577ffb8,0x00000000d5780000)
  from space 1536K, 26% used [0x00000000d5780000,0x00000000d57e4010,0x00000000d5900000)
  to   space 1024K, 0% used [0x00000000d5900000,0x00000000d5900000,0x00000000d5a00000)
 ParOldGen       total 1290240K, used 1289784K [0x0000000080000000, 0x00000000cec00000, 0x00000000d5580000)
  object space 1290240K, 99% used [0x0000000080000000,0x00000000ceb8e080,0x00000000cec00000)
 Metaspace       used 87696K, committed 89408K, reserved 1179648K
  class space    used 8658K, committed 9408K, reserved 1048576K
}
Event: 2679.850 GC heap after
{Heap after GC invocations=3335 (full 5):
 PSYoungGen      total 3072K, used 480K [0x00000000d5580000, 0x00000000d5980000, 0x0000000100000000)
  eden space 2560K, 0% used [0x00000000d5580000,0x00000000d5580000,0x00000000d5800000)
  from space 512K, 93% used [0x00000000d5900000,0x00000000d5978000,0x00000000d5980000)
  to   space 512K, 0% used [0x00000000d5880000,0x00000000d5880000,0x00000000d5900000)
 ParOldGen       total 1290240K, used 1289968K [0x0000000080000000, 0x00000000cec00000, 0x00000000d5580000)
  object space 1290240K, 99% used [0x0000000080000000,0x00000000cebbc080,0x00000000cec00000)
 Metaspace       used 87696K, committed 89408K, reserved 1179648K
  class space    used 8658K, committed 9408K, reserved 1048576K
}
Event: 2679.859 GC heap before
{Heap before GC invocations=3336 (full 5):
 PSYoungGen      total 3072K, used 3040K [0x00000000d5580000, 0x00000000d5980000, 0x0000000100000000)
  eden space 2560K, 100% used [0x00000000d5580000,0x00000000d5800000,0x00000000d5800000)
  from space 512K, 93% used [0x00000000d5900000,0x00000000d5978000,0x00000000d5980000)
  to   space 512K, 0% used [0x00000000d5880000,0x00000000d5880000,0x00000000d5900000)
 ParOldGen       total 1290240K, used 1289968K [0x0000000080000000, 0x00000000cec00000, 0x00000000d5580000)
  object space 1290240K, 99% used [0x0000000080000000,0x00000000cebbc080,0x00000000cec00000)
 Metaspace       used 87696K, committed 89408K, reserved 1179648K
  class space    used 8658K, committed 9408K, reserved 1048576K
}
Event: 2679.862 GC heap after
{Heap after GC invocations=3336 (full 5):
 PSYoungGen      total 3584K, used 272K [0x00000000d5580000, 0x00000000d5980000, 0x0000000100000000)
  eden space 3072K, 0% used [0x00000000d5580000,0x00000000d5580000,0x00000000d5880000)
  from space 512K, 53% used [0x00000000d5880000,0x00000000d58c4010,0x00000000d5900000)
  to   space 512K, 0% used [0x00000000d5900000,0x00000000d5900000,0x00000000d5980000)
 ParOldGen       total 1290240K, used 1289984K [0x0000000080000000, 0x00000000cec00000, 0x00000000d5580000)
  object space 1290240K, 99% used [0x0000000080000000,0x00000000cebc0080,0x00000000cec00000)
 Metaspace       used 87696K, committed 89408K, reserved 1179648K
  class space    used 8658K, committed 9408K, reserved 1048576K
}
Event: 2685.179 GC heap before
{Heap before GC invocations=3337 (full 5):
 PSYoungGen      total 3584K, used 3344K [0x00000000d5580000, 0x00000000d5980000, 0x0000000100000000)
  eden space 3072K, 100% used [0x00000000d5580000,0x00000000d5880000,0x00000000d5880000)
  from space 512K, 53% used [0x00000000d5880000,0x00000000d58c4010,0x00000000d5900000)
  to   space 512K, 0% used [0x00000000d5900000,0x00000000d5900000,0x00000000d5980000)
 ParOldGen       total 1290240K, used 1289984K [0x0000000080000000, 0x00000000cec00000, 0x00000000d5580000)
  object space 1290240K, 99% used [0x0000000080000000,0x00000000cebc0080,0x00000000cec00000)
 Metaspace       used 87696K, committed 89408K, reserved 1179648K
  class space    used 8658K, committed 9408K, reserved 1048576K
}
Event: 2685.182 GC heap after
{Heap after GC invocations=3337 (full 5):
 PSYoungGen      total 1536K, used 487K [0x00000000d5580000, 0x00000000d5d80000, 0x0000000100000000)
  eden space 1024K, 0% used [0x00000000d5580000,0x00000000d5580000,0x00000000d5680000)
  from space 512K, 95% used [0x00000000d5900000,0x00000000d5979f40,0x00000000d5980000)
  to   space 2560K, 0% used [0x00000000d5680000,0x00000000d5680000,0x00000000d5900000)
 ParOldGen       total 1291776K, used 1291423K [0x0000000080000000, 0x00000000ced80000, 0x00000000d5580000)
  object space 1291776K, 99% used [0x0000000080000000,0x00000000ced27fc0,0x00000000ced80000)
 Metaspace       used 87696K, committed 89408K, reserved 1179648K
  class space    used 8658K, committed 9408K, reserved 1048576K
}
Event: 2685.184 GC heap before
{Heap before GC invocations=3338 (full 5):
 PSYoungGen      total 1536K, used 1511K [0x00000000d5580000, 0x00000000d5d80000, 0x0000000100000000)
  eden space 1024K, 100% used [0x00000000d5580000,0x00000000d5680000,0x00000000d5680000)
  from space 512K, 95% used [0x00000000d5900000,0x00000000d5979f40,0x00000000d5980000)
  to   space 2560K, 0% used [0x00000000d5680000,0x00000000d5680000,0x00000000d5900000)
 ParOldGen       total 1291776K, used 1291423K [0x0000000080000000, 0x00000000ced80000, 0x00000000d5580000)
  object space 1291776K, 99% used [0x0000000080000000,0x00000000ced27fc0,0x00000000ced80000)
 Metaspace       used 87696K, committed 89408K, reserved 1179648K
  class space    used 8658K, committed 9408K, reserved 1048576K
}
Event: 2685.187 GC heap after
{Heap after GC invocations=3338 (full 5):
 PSYoungGen      total 2560K, used 1088K [0x00000000d5580000, 0x00000000d5a00000, 0x0000000100000000)
  eden space 1024K, 0% used [0x00000000d5580000,0x00000000d5580000,0x00000000d5680000)
  from space 1536K, 70% used [0x00000000d5680000,0x00000000d5790000,0x00000000d5800000)
  to   space 1536K, 0% used [0x00000000d5880000,0x00000000d5880000,0x00000000d5a00000)
 ParOldGen       total 1292288K, used 1291895K [0x0000000080000000, 0x00000000cee00000, 0x00000000d5580000)
  object space 1292288K, 99% used [0x0000000080000000,0x00000000ced9df10,0x00000000cee00000)
 Metaspace       used 87696K, committed 89408K, reserved 1179648K
  class space    used 8658K, committed 9408K, reserved 1048576K
}
Event: 2685.189 GC heap before
{Heap before GC invocations=3339 (full 5):
 PSYoungGen      total 2560K, used 2112K [0x00000000d5580000, 0x00000000d5a00000, 0x0000000100000000)
  eden space 1024K, 100% used [0x00000000d5580000,0x00000000d5680000,0x00000000d5680000)
  from space 1536K, 70% used [0x00000000d5680000,0x00000000d5790000,0x00000000d5800000)
  to   space 1536K, 0% used [0x00000000d5880000,0x00000000d5880000,0x00000000d5a00000)
 ParOldGen       total 1292288K, used 1291895K [0x0000000080000000, 0x00000000cee00000, 0x00000000d5580000)
  object space 1292288K, 99% used [0x0000000080000000,0x00000000ced9df10,0x00000000cee00000)
 Metaspace       used 87696K, committed 89408K, reserved 1179648K
  class space    used 8658K, committed 9408K, reserved 1048576K
}
Event: 2685.191 GC heap after
{Heap after GC invocations=3339 (full 5):
 PSYoungGen      total 3072K, used 1088K [0x00000000d5580000, 0x00000000d5a00000, 0x0000000100000000)
  eden space 1536K, 0% used [0x00000000d5580000,0x00000000d5580000,0x00000000d5700000)
  from space 1536K, 70% used [0x00000000d5880000,0x00000000d5990000,0x00000000d5a00000)
  to   space 1536K, 0% used [0x00000000d5700000,0x00000000d5700000,0x00000000d5880000)
 ParOldGen       total 1293312K, used 1292919K [0x0000000080000000, 0x00000000cef00000, 0x00000000d5580000)
  object space 1293312K, 99% used [0x0000000080000000,0x00000000cee9df10,0x00000000cef00000)
 Metaspace       used 87696K, committed 89408K, reserved 1179648K
  class space    used 8658K, committed 9408K, reserved 1048576K
}
Event: 2685.195 GC heap before
{Heap before GC invocations=3340 (full 5):
 PSYoungGen      total 3072K, used 2624K [0x00000000d5580000, 0x00000000d5a00000, 0x0000000100000000)
  eden space 1536K, 100% used [0x00000000d5580000,0x00000000d5700000,0x00000000d5700000)
  from space 1536K, 70% used [0x00000000d5880000,0x00000000d5990000,0x00000000d5a00000)
  to   space 1536K, 0% used [0x00000000d5700000,0x00000000d5700000,0x00000000d5880000)
 ParOldGen       total 1293312K, used 1292919K [0x0000000080000000, 0x00000000cef00000, 0x00000000d5580000)
  object space 1293312K, 99% used [0x0000000080000000,0x00000000cee9df10,0x00000000cef00000)
 Metaspace       used 87696K, committed 89408K, reserved 1179648K
  class space    used 8658K, committed 9408K, reserved 1048576K
}
Event: 2685.197 GC heap after
{Heap after GC invocations=3340 (full 5):
 PSYoungGen      total 3072K, used 1520K [0x00000000d5580000, 0x00000000d5d80000, 0x0000000100000000)
  eden space 1536K, 0% used [0x00000000d5580000,0x00000000d5580000,0x00000000d5700000)
  from space 1536K, 98% used [0x00000000d5700000,0x00000000d587c000,0x00000000d5880000)
  to   space 3072K, 0% used [0x00000000d5a80000,0x00000000d5a80000,0x00000000d5d80000)
 ParOldGen       total 1294336K, used 1293951K [0x0000000080000000, 0x00000000cf000000, 0x00000000d5580000)
  object space 1294336K, 99% used [0x0000000080000000,0x00000000cef9ff10,0x00000000cf000000)
 Metaspace       used 87696K, committed 89408K, reserved 1179648K
  class space    used 8658K, committed 9408K, reserved 1048576K
}
Event: 2685.202 GC heap before
{Heap before GC invocations=3341 (full 5):
 PSYoungGen      total 3072K, used 2809K [0x00000000d5580000, 0x00000000d5d80000, 0x0000000100000000)
  eden space 1536K, 83% used [0x00000000d5580000,0x00000000d56c25b8,0x00000000d5700000)
  from space 1536K, 98% used [0x00000000d5700000,0x00000000d587c000,0x00000000d5880000)
  to   space 3072K, 0% used [0x00000000d5a80000,0x00000000d5a80000,0x00000000d5d80000)
 ParOldGen       total 1294336K, used 1293951K [0x0000000080000000, 0x00000000cf000000, 0x00000000d5580000)
  object space 1294336K, 99% used [0x0000000080000000,0x00000000cef9ff10,0x00000000cf000000)
 Metaspace       used 87696K, committed 89408K, reserved 1179648K
  class space    used 8658K, committed 9408K, reserved 1048576K
}
Event: 2685.204 GC heap after
{Heap after GC invocations=3341 (full 5):
 PSYoungGen      total 3584K, used 1120K [0x00000000d5580000, 0x00000000d5c00000, 0x0000000100000000)
  eden space 2048K, 0% used [0x00000000d5580000,0x00000000d5580000,0x00000000d5780000)
  from space 1536K, 72% used [0x00000000d5a80000,0x00000000d5b98000,0x00000000d5c00000)
  to   space 2048K, 0% used [0x00000000d5800000,0x00000000d5800000,0x00000000d5a00000)
 ParOldGen       total 1295360K, used 1295287K [0x0000000080000000, 0x00000000cf100000, 0x00000000d5580000)
  object space 1295360K, 99% used [0x0000000080000000,0x00000000cf0edf10,0x00000000cf100000)
 Metaspace       used 87696K, committed 89408K, reserved 1179648K
  class space    used 8658K, committed 9408K, reserved 1048576K
}
Event: 2685.216 GC heap before
{Heap before GC invocations=3342 (full 5):
 PSYoungGen      total 3584K, used 3168K [0x00000000d5580000, 0x00000000d5c00000, 0x0000000100000000)
  eden space 2048K, 100% used [0x00000000d5580000,0x00000000d5780000,0x00000000d5780000)
  from space 1536K, 72% used [0x00000000d5a80000,0x00000000d5b98000,0x00000000d5c00000)
  to   space 2048K, 0% used [0x00000000d5800000,0x00000000d5800000,0x00000000d5a00000)
 ParOldGen       total 1295360K, used 1295287K [0x0000000080000000, 0x00000000cf100000, 0x00000000d5580000)
  object space 1295360K, 99% used [0x0000000080000000,0x00000000cf0edf10,0x00000000cf100000)
 Metaspace       used 87696K, committed 89408K, reserved 1179648K
  class space    used 8658K, committed 9408K, reserved 1048576K
}
Event: 2685.218 GC heap after
{Heap after GC invocations=3342 (full 5):
 PSYoungGen      total 4608K, used 2042K [0x00000000d5580000, 0x00000000d5e00000, 0x0000000100000000)
  eden space 2560K, 0% used [0x00000000d5580000,0x00000000d5580000,0x00000000d5800000)
  from space 2048K, 99% used [0x00000000d5800000,0x00000000d59feb20,0x00000000d5a00000)
  to   space 3072K, 0% used [0x00000000d5b00000,0x00000000d5b00000,0x00000000d5e00000)
 ParOldGen       total 1296384K, used 1295983K [0x0000000080000000, 0x00000000cf200000, 0x00000000d5580000)
  object space 1296384K, 99% used [0x0000000080000000,0x00000000cf19bf10,0x00000000cf200000)
 Metaspace       used 87696K, committed 89408K, reserved 1179648K
  class space    used 8658K, committed 9408K, reserved 1048576K
}
Event: 2685.223 GC heap before
{Heap before GC invocations=3343 (full 5):
 PSYoungGen      total 4608K, used 4553K [0x00000000d5580000, 0x00000000d5e00000, 0x0000000100000000)
  eden space 2560K, 98% used [0x00000000d5580000,0x00000000d57f3908,0x00000000d5800000)
  from space 2048K, 99% used [0x00000000d5800000,0x00000000d59feb20,0x00000000d5a00000)
  to   space 3072K, 0% used [0x00000000d5b00000,0x00000000d5b00000,0x00000000d5e00000)
 ParOldGen       total 1296384K, used 1295983K [0x0000000080000000, 0x00000000cf200000, 0x00000000d5580000)
  object space 1296384K, 99% used [0x0000000080000000,0x00000000cf19bf10,0x00000000cf200000)
 Metaspace       used 87696K, committed 89408K, reserved 1179648K
  class space    used 8658K, committed 9408K, reserved 1048576K
}
Event: 2685.227 GC heap after
{Heap after GC invocations=3343 (full 5):
 PSYoungGen      total 5632K, used 2376K [0x00000000d5580000, 0x00000000d5d80000, 0x0000000100000000)
  eden space 3072K, 0% used [0x00000000d5580000,0x00000000d5580000,0x00000000d5880000)
  from space 2560K, 92% used [0x00000000d5b00000,0x00000000d5d52000,0x00000000d5d80000)
  to   space 2560K, 0% used [0x00000000d5880000,0x00000000d5880000,0x00000000d5b00000)
 ParOldGen       total 1298432K, used 1298135K [0x0000000080000000, 0x00000000cf400000, 0x00000000d5580000)
  object space 1298432K, 99% used [0x0000000080000000,0x00000000cf3b5fc0,0x00000000cf400000)
 Metaspace       used 87696K, committed 89408K, reserved 1179648K
  class space    used 8658K, committed 9408K, reserved 1048576K
}

